none [(0.000) SELECT @@SQL_AUTO_IS_NULL; args=None] 15-12-2021 21:49:38
none [(0.250) SET SESSION TRANSACTION ISOLATION LEVEL READ COMMITTED; args=None] 15-12-2021 21:49:38
none [(0.000) SHOW FULL TABLES; args=None] 15-12-2021 21:49:38
none [(0.000) SELECT @@SQL_AUTO_IS_NULL; args=None] 15-12-2021 21:50:05
none [(0.000) SET SESSION TRANSACTION ISOLATION LEVEL READ COMMITTED; args=None] 15-12-2021 21:50:05
none [(0.000) SELECT VERSION(); args=None] 15-12-2021 21:50:05
none [(0.000) SET SESSION TRANSACTION ISOLATION LEVEL READ COMMITTED; args=None] 15-12-2021 21:50:05
none [(0.000) SELECT @@sql_mode; args=None] 15-12-2021 21:50:05
none [(0.000) SHOW FULL TABLES; args=None] 15-12-2021 21:50:06
none [(0.016) SHOW FULL TABLES; args=None] 15-12-2021 21:50:06
none [(0.000) SHOW FULL TABLES; args=None] 15-12-2021 21:50:06
none [CREATE TABLE `django_migrations` (`id` integer AUTO_INCREMENT NOT NULL PRIMARY KEY, `app` varchar(255) NOT NULL, `name` varchar(255) NOT NULL, `applied` datetime(6) NOT NULL); (params None)] 15-12-2021 21:50:06
none [(12.032) CREATE TABLE `django_migrations` (`id` integer AUTO_INCREMENT NOT NULL PRIMARY KEY, `app` varchar(255) NOT NULL, `name` varchar(255) NOT NULL, `applied` datetime(6) NOT NULL); args=None] 15-12-2021 21:50:18
none [(0.171) SELECT engine FROM information_schema.tables WHERE table_name = 'django_migrations'; args=['django_migrations']] 15-12-2021 21:50:18
none [(0.000) SELECT engine FROM information_schema.tables WHERE table_name = 'django_migrations'; args=['django_migrations']] 15-12-2021 21:50:18
none [(0.000) SELECT engine FROM information_schema.tables WHERE table_name = 'django_migrations'; args=['django_migrations']] 15-12-2021 21:50:18
none [(0.000) SELECT engine FROM information_schema.tables WHERE table_name = 'django_migrations'; args=['django_migrations']] 15-12-2021 21:50:18
none [CREATE TABLE `django_content_type` (`id` integer AUTO_INCREMENT NOT NULL PRIMARY KEY, `name` varchar(100) NOT NULL, `app_label` varchar(100) NOT NULL, `model` varchar(100) NOT NULL); (params None)] 15-12-2021 21:50:18
none [(0.438) CREATE TABLE `django_content_type` (`id` integer AUTO_INCREMENT NOT NULL PRIMARY KEY, `name` varchar(100) NOT NULL, `app_label` varchar(100) NOT NULL, `model` varchar(100) NOT NULL); args=None] 15-12-2021 21:50:18
none [(0.062) SELECT engine FROM information_schema.tables WHERE table_name = 'django_content_type'; args=['django_content_type']] 15-12-2021 21:50:19
none [(0.016) SELECT engine FROM information_schema.tables WHERE table_name = 'django_content_type'; args=['django_content_type']] 15-12-2021 21:50:19
none [(0.000) SELECT engine FROM information_schema.tables WHERE table_name = 'django_content_type'; args=['django_content_type']] 15-12-2021 21:50:19
none [(0.015) SELECT engine FROM information_schema.tables WHERE table_name = 'django_content_type'; args=['django_content_type']] 15-12-2021 21:50:19
none [ALTER TABLE `django_content_type` ADD CONSTRAINT `django_content_type_app_label_model_76bd3d3b_uniq` UNIQUE (`app_label`, `model`); (params ())] 15-12-2021 21:50:19
none [(4.235) ALTER TABLE `django_content_type` ADD CONSTRAINT `django_content_type_app_label_model_76bd3d3b_uniq` UNIQUE (`app_label`, `model`); args=()] 15-12-2021 21:50:23
none [(0.000) SHOW FULL TABLES; args=None] 15-12-2021 21:50:23
none [(0.094) INSERT INTO `django_migrations` (`app`, `name`, `applied`) VALUES ('contenttypes', '0001_initial', '2021-12-15 21:50:23.285568'); args=['contenttypes', '0001_initial', '2021-12-15 21:50:23.285568']] 15-12-2021 21:50:24
none [CREATE TABLE `django_admin_log` (`id` integer AUTO_INCREMENT NOT NULL PRIMARY KEY, `action_time` datetime(6) NOT NULL, `object_id` longtext NULL, `object_repr` varchar(200) NOT NULL, `action_flag` smallint UNSIGNED NOT NULL CHECK (`action_flag` >= 0), `change_message` longtext NOT NULL, `content_type_id` integer NULL, `user_id` integer NOT NULL); (params None)] 15-12-2021 21:50:24
none [(0.968) CREATE TABLE `django_admin_log` (`id` integer AUTO_INCREMENT NOT NULL PRIMARY KEY, `action_time` datetime(6) NOT NULL, `object_id` longtext NULL, `object_repr` varchar(200) NOT NULL, `action_flag` smallint UNSIGNED NOT NULL CHECK (`action_flag` >= 0), `change_message` longtext NOT NULL, `content_type_id` integer NULL, `user_id` integer NOT NULL); args=None] 15-12-2021 21:50:25
none [(0.266) SELECT engine FROM information_schema.tables WHERE table_name = 'django_admin_log'; args=['django_admin_log']] 15-12-2021 21:50:26
none [(0.000) SELECT engine FROM information_schema.tables WHERE table_name = 'django_admin_log'; args=['django_admin_log']] 15-12-2021 21:50:26
none [(0.000) SELECT engine FROM information_schema.tables WHERE table_name = 'django_admin_log'; args=['django_admin_log']] 15-12-2021 21:50:26
none [(0.016) SELECT engine FROM information_schema.tables WHERE table_name = 'django_admin_log'; args=['django_admin_log']] 15-12-2021 21:50:26
none [(0.000) SELECT engine FROM information_schema.tables WHERE table_name = 'django_admin_log'; args=['django_admin_log']] 15-12-2021 21:50:26
none [(0.000) SELECT engine FROM information_schema.tables WHERE table_name = 'django_admin_log'; args=['django_admin_log']] 15-12-2021 21:50:26
none [(0.000) SELECT engine FROM information_schema.tables WHERE table_name = 'django_admin_log'; args=['django_admin_log']] 15-12-2021 21:50:26
none [(0.015) SELECT engine FROM information_schema.tables WHERE table_name = 'django_admin_log'; args=['django_admin_log']] 15-12-2021 21:50:26
none [(0.000) SHOW FULL TABLES; args=None] 15-12-2021 21:50:26
none [(0.282) INSERT INTO `django_migrations` (`app`, `name`, `applied`) VALUES ('admin', '0001_initial', '2021-12-15 21:50:26.054924'); args=['admin', '0001_initial', '2021-12-15 21:50:26.054924']] 15-12-2021 21:50:26
none [ALTER TABLE `django_admin_log` ADD CONSTRAINT `django_admin_log_content_type_id_c4bce8eb_fk_django_co` FOREIGN KEY (`content_type_id`) REFERENCES `django_content_type` (`id`); (params ())] 15-12-2021 21:50:26
none [(2.937) ALTER TABLE `django_admin_log` ADD CONSTRAINT `django_admin_log_content_type_id_c4bce8eb_fk_django_co` FOREIGN KEY (`content_type_id`) REFERENCES `django_content_type` (`id`); args=()] 15-12-2021 21:50:29
none [ALTER TABLE `django_admin_log` ADD CONSTRAINT `django_admin_log_user_id_c564eba6_fk_user_cust` FOREIGN KEY (`user_id`) REFERENCES `user_customusermodel` (`user_id`); (params ())] 15-12-2021 21:50:29
none [(0.594) None; args=()] 15-12-2021 21:50:29
none [(0.000) SELECT @@SQL_AUTO_IS_NULL; args=None] 16-12-2021 13:46:36
none [(0.000) SET SESSION TRANSACTION ISOLATION LEVEL READ COMMITTED; args=None] 16-12-2021 13:46:36
none [(0.000) SHOW FULL TABLES; args=None] 16-12-2021 13:46:36
none [(0.015) SELECT `django_migrations`.`id`, `django_migrations`.`app`, `django_migrations`.`name`, `django_migrations`.`applied` FROM `django_migrations`; args=()] 16-12-2021 13:46:36
none [(0.000) SELECT @@SQL_AUTO_IS_NULL; args=None] 16-12-2021 13:47:04
none [(0.000) SET SESSION TRANSACTION ISOLATION LEVEL READ COMMITTED; args=None] 16-12-2021 13:47:04
none [(0.000) SELECT VERSION(); args=None] 16-12-2021 13:47:04
none [(0.000) SET SESSION TRANSACTION ISOLATION LEVEL READ COMMITTED; args=None] 16-12-2021 13:47:04
none [(0.000) SELECT @@sql_mode; args=None] 16-12-2021 13:47:04
none [(0.000) SHOW FULL TABLES; args=None] 16-12-2021 13:47:05
none [(0.016) SELECT `django_migrations`.`id`, `django_migrations`.`app`, `django_migrations`.`name`, `django_migrations`.`applied` FROM `django_migrations`; args=()] 16-12-2021 13:47:05
none [(0.000) SHOW FULL TABLES; args=None] 16-12-2021 13:47:05
none [(0.000) SELECT `django_migrations`.`id`, `django_migrations`.`app`, `django_migrations`.`name`, `django_migrations`.`applied` FROM `django_migrations`; args=()] 16-12-2021 13:47:05
none [(0.016) SHOW FULL TABLES; args=None] 16-12-2021 13:47:05
none [(0.032) SHOW FULL TABLES; args=None] 16-12-2021 13:47:05
none [(0.078) INSERT INTO `django_migrations` (`app`, `name`, `applied`) VALUES ('admin', '0002_logentry_remove_auto_add', '2021-12-16 13:47:05.660397'); args=['admin', '0002_logentry_remove_auto_add', '2021-12-16 13:47:05.660397']] 16-12-2021 13:47:05
none [(0.032) SHOW FULL TABLES; args=None] 16-12-2021 13:47:05
none [(0.078) INSERT INTO `django_migrations` (`app`, `name`, `applied`) VALUES ('admin', '0003_logentry_add_action_flag_choices', '2021-12-16 13:47:05.792592'); args=['admin', '0003_logentry_add_action_flag_choices', '2021-12-16 13:47:05.792592']] 16-12-2021 13:47:05
none [ALTER TABLE `django_content_type` MODIFY `name` varchar(100) NULL; (params [])] 16-12-2021 13:47:05
none [(1.110) ALTER TABLE `django_content_type` MODIFY `name` varchar(100) NULL; args=[]] 16-12-2021 13:47:06
none [ALTER TABLE `django_content_type` DROP COLUMN `name`; (params ())] 16-12-2021 13:47:07
none [(0.391) ALTER TABLE `django_content_type` DROP COLUMN `name`; args=()] 16-12-2021 13:47:07
none [(0.000) SHOW FULL TABLES; args=None] 16-12-2021 13:47:07
none [(0.015) INSERT INTO `django_migrations` (`app`, `name`, `applied`) VALUES ('contenttypes', '0002_remove_content_type_name', '2021-12-16 13:47:07.417499'); args=['contenttypes', '0002_remove_content_type_name', '2021-12-16 13:47:07.417499']] 16-12-2021 13:47:07
none [CREATE TABLE `auth_permission` (`id` integer AUTO_INCREMENT NOT NULL PRIMARY KEY, `name` varchar(50) NOT NULL, `content_type_id` integer NOT NULL, `codename` varchar(100) NOT NULL); (params None)] 16-12-2021 13:47:07
none [(0.125) CREATE TABLE `auth_permission` (`id` integer AUTO_INCREMENT NOT NULL PRIMARY KEY, `name` varchar(50) NOT NULL, `content_type_id` integer NOT NULL, `codename` varchar(100) NOT NULL); args=None] 16-12-2021 13:47:07
none [(0.047) SELECT engine FROM information_schema.tables WHERE table_name = 'auth_permission'; args=['auth_permission']] 16-12-2021 13:47:07
none [(0.000) SELECT engine FROM information_schema.tables WHERE table_name = 'auth_permission'; args=['auth_permission']] 16-12-2021 13:47:07
none [(0.000) SELECT engine FROM information_schema.tables WHERE table_name = 'auth_permission'; args=['auth_permission']] 16-12-2021 13:47:07
none [(0.000) SELECT engine FROM information_schema.tables WHERE table_name = 'auth_permission'; args=['auth_permission']] 16-12-2021 13:47:07
none [CREATE TABLE `auth_group` (`id` integer AUTO_INCREMENT NOT NULL PRIMARY KEY, `name` varchar(80) NOT NULL UNIQUE); (params None)] 16-12-2021 13:47:07
none [(0.078) CREATE TABLE `auth_group` (`id` integer AUTO_INCREMENT NOT NULL PRIMARY KEY, `name` varchar(80) NOT NULL UNIQUE); args=None] 16-12-2021 13:47:07
none [(0.078) SELECT engine FROM information_schema.tables WHERE table_name = 'auth_group'; args=['auth_group']] 16-12-2021 13:47:07
none [(0.000) SELECT engine FROM information_schema.tables WHERE table_name = 'auth_group'; args=['auth_group']] 16-12-2021 13:47:07
none [CREATE TABLE `auth_group_permissions` (`id` integer AUTO_INCREMENT NOT NULL PRIMARY KEY, `group_id` integer NOT NULL, `permission_id` integer NOT NULL); (params None)] 16-12-2021 13:47:07
none [(0.610) CREATE TABLE `auth_group_permissions` (`id` integer AUTO_INCREMENT NOT NULL PRIMARY KEY, `group_id` integer NOT NULL, `permission_id` integer NOT NULL); args=None] 16-12-2021 13:47:08
none [(0.031) SELECT engine FROM information_schema.tables WHERE table_name = 'auth_group_permissions'; args=['auth_group_permissions']] 16-12-2021 13:47:08
none [(0.016) SELECT engine FROM information_schema.tables WHERE table_name = 'auth_group_permissions'; args=['auth_group_permissions']] 16-12-2021 13:47:08
none [(0.015) SELECT engine FROM information_schema.tables WHERE table_name = 'auth_group_permissions'; args=['auth_group_permissions']] 16-12-2021 13:47:08
none [(0.000) SHOW FULL TABLES; args=None] 16-12-2021 13:47:08
none [(0.062) INSERT INTO `django_migrations` (`app`, `name`, `applied`) VALUES ('auth', '0001_initial', '2021-12-16 13:47:08.490094'); args=['auth', '0001_initial', '2021-12-16 13:47:08.490094']] 16-12-2021 13:47:08
none [ALTER TABLE `auth_permission` ADD CONSTRAINT `auth_permission_content_type_id_codename_01ab375a_uniq` UNIQUE (`content_type_id`, `codename`); (params ())] 16-12-2021 13:47:08
none [(0.157) ALTER TABLE `auth_permission` ADD CONSTRAINT `auth_permission_content_type_id_codename_01ab375a_uniq` UNIQUE (`content_type_id`, `codename`); args=()] 16-12-2021 13:47:08
none [ALTER TABLE `auth_permission` ADD CONSTRAINT `auth_permission_content_type_id_2f476e4b_fk_django_co` FOREIGN KEY (`content_type_id`) REFERENCES `django_content_type` (`id`); (params ())] 16-12-2021 13:47:08
none [(0.906) ALTER TABLE `auth_permission` ADD CONSTRAINT `auth_permission_content_type_id_2f476e4b_fk_django_co` FOREIGN KEY (`content_type_id`) REFERENCES `django_content_type` (`id`); args=()] 16-12-2021 13:47:09
none [ALTER TABLE `auth_group_permissions` ADD CONSTRAINT `auth_group_permissions_group_id_permission_id_0cd325b0_uniq` UNIQUE (`group_id`, `permission_id`); (params ())] 16-12-2021 13:47:09
none [(0.156) ALTER TABLE `auth_group_permissions` ADD CONSTRAINT `auth_group_permissions_group_id_permission_id_0cd325b0_uniq` UNIQUE (`group_id`, `permission_id`); args=()] 16-12-2021 13:47:09
none [ALTER TABLE `auth_group_permissions` ADD CONSTRAINT `auth_group_permissions_group_id_b120cbf9_fk_auth_group_id` FOREIGN KEY (`group_id`) REFERENCES `auth_group` (`id`); (params ())] 16-12-2021 13:47:09
none [(1.109) ALTER TABLE `auth_group_permissions` ADD CONSTRAINT `auth_group_permissions_group_id_b120cbf9_fk_auth_group_id` FOREIGN KEY (`group_id`) REFERENCES `auth_group` (`id`); args=()] 16-12-2021 13:47:10
none [ALTER TABLE `auth_group_permissions` ADD CONSTRAINT `auth_group_permissio_permission_id_84c5c92e_fk_auth_perm` FOREIGN KEY (`permission_id`) REFERENCES `auth_permission` (`id`); (params ())] 16-12-2021 13:47:10
none [(0.969) ALTER TABLE `auth_group_permissions` ADD CONSTRAINT `auth_group_permissio_permission_id_84c5c92e_fk_auth_perm` FOREIGN KEY (`permission_id`) REFERENCES `auth_permission` (`id`); args=()] 16-12-2021 13:47:11
none [ALTER TABLE `auth_permission` MODIFY `name` varchar(255) NOT NULL; (params [])] 16-12-2021 13:47:11
none [(1.844) ALTER TABLE `auth_permission` MODIFY `name` varchar(255) NOT NULL; args=[]] 16-12-2021 13:47:13
none [(0.000) SHOW FULL TABLES; args=None] 16-12-2021 13:47:13
none [(0.015) INSERT INTO `django_migrations` (`app`, `name`, `applied`) VALUES ('auth', '0002_alter_permission_name_max_length', '2021-12-16 13:47:13.833031'); args=['auth', '0002_alter_permission_name_max_length', '2021-12-16 13:47:13.833031']] 16-12-2021 13:47:13
none [(0.000) SHOW FULL TABLES; args=None] 16-12-2021 13:47:13
none [(0.015) INSERT INTO `django_migrations` (`app`, `name`, `applied`) VALUES ('auth', '0003_alter_user_email_max_length', '2021-12-16 13:47:13.869086'); args=['auth', '0003_alter_user_email_max_length', '2021-12-16 13:47:13.869086']] 16-12-2021 13:47:13
none [(0.015) SHOW FULL TABLES; args=None] 16-12-2021 13:47:13
none [(0.016) INSERT INTO `django_migrations` (`app`, `name`, `applied`) VALUES ('auth', '0004_alter_user_username_opts', '2021-12-16 13:47:13.928173'); args=['auth', '0004_alter_user_username_opts', '2021-12-16 13:47:13.928173']] 16-12-2021 13:47:13
none [(0.000) SHOW FULL TABLES; args=None] 16-12-2021 13:47:13
none [(0.016) INSERT INTO `django_migrations` (`app`, `name`, `applied`) VALUES ('auth', '0005_alter_user_last_login_null', '2021-12-16 13:47:13.972237'); args=['auth', '0005_alter_user_last_login_null', '2021-12-16 13:47:13.972237']] 16-12-2021 13:47:13
none [(0.000) SHOW FULL TABLES; args=None] 16-12-2021 13:47:13
none [(0.015) INSERT INTO `django_migrations` (`app`, `name`, `applied`) VALUES ('auth', '0006_require_contenttypes_0002', '2021-12-16 13:47:13.989265'); args=['auth', '0006_require_contenttypes_0002', '2021-12-16 13:47:13.989265']] 16-12-2021 13:47:14
none [(0.000) SHOW FULL TABLES; args=None] 16-12-2021 13:47:14
none [(0.016) INSERT INTO `django_migrations` (`app`, `name`, `applied`) VALUES ('auth', '0007_alter_validators_add_error_messages', '2021-12-16 13:47:14.026316'); args=['auth', '0007_alter_validators_add_error_messages', '2021-12-16 13:47:14.026316']] 16-12-2021 13:47:14
none [(0.000) SHOW FULL TABLES; args=None] 16-12-2021 13:47:14
none [(0.047) INSERT INTO `django_migrations` (`app`, `name`, `applied`) VALUES ('auth', '0008_alter_user_username_max_length', '2021-12-16 13:47:14.059364'); args=['auth', '0008_alter_user_username_max_length', '2021-12-16 13:47:14.059364']] 16-12-2021 13:47:14
none [(0.000) SHOW FULL TABLES; args=None] 16-12-2021 13:47:14
none [(0.000) INSERT INTO `django_migrations` (`app`, `name`, `applied`) VALUES ('auth', '0009_alter_user_last_name_max_length', '2021-12-16 13:47:14.159512'); args=['auth', '0009_alter_user_last_name_max_length', '2021-12-16 13:47:14.159512']] 16-12-2021 13:47:14
none [ALTER TABLE `auth_group` MODIFY `name` varchar(150) NOT NULL; (params [])] 16-12-2021 13:47:14
none [(1.687) ALTER TABLE `auth_group` MODIFY `name` varchar(150) NOT NULL; args=[]] 16-12-2021 13:47:16
none [(0.000) SHOW FULL TABLES; args=None] 16-12-2021 13:47:16
none [(0.000) INSERT INTO `django_migrations` (`app`, `name`, `applied`) VALUES ('auth', '0010_alter_group_name_max_length', '2021-12-16 13:47:16.053832'); args=['auth', '0010_alter_group_name_max_length', '2021-12-16 13:47:16.053832']] 16-12-2021 13:47:16
none [(0.000) SHOW FULL TABLES; args=None] 16-12-2021 13:47:16
none [(0.047) INSERT INTO `django_migrations` (`app`, `name`, `applied`) VALUES ('auth', '0011_update_proxy_permissions', '2021-12-16 13:47:16.127943'); args=['auth', '0011_update_proxy_permissions', '2021-12-16 13:47:16.127943']] 16-12-2021 13:47:16
none [(0.141) SHOW FULL TABLES; args=None] 16-12-2021 13:47:16
none [(0.015) INSERT INTO `django_migrations` (`app`, `name`, `applied`) VALUES ('auth', '0012_alter_user_first_name_max_length', '2021-12-16 13:47:16.329238'); args=['auth', '0012_alter_user_first_name_max_length', '2021-12-16 13:47:16.329238']] 16-12-2021 13:47:16
none [CREATE TABLE `django_session` (`session_key` varchar(40) NOT NULL PRIMARY KEY, `session_data` longtext NOT NULL, `expire_date` datetime(6) NOT NULL); (params None)] 16-12-2021 13:47:16
none [(0.406) CREATE TABLE `django_session` (`session_key` varchar(40) NOT NULL PRIMARY KEY, `session_data` longtext NOT NULL, `expire_date` datetime(6) NOT NULL); args=None] 16-12-2021 13:47:16
none [(0.031) SELECT engine FROM information_schema.tables WHERE table_name = 'django_session'; args=['django_session']] 16-12-2021 13:47:16
none [(0.047) SELECT engine FROM information_schema.tables WHERE table_name = 'django_session'; args=['django_session']] 16-12-2021 13:47:16
none [(0.000) SELECT engine FROM information_schema.tables WHERE table_name = 'django_session'; args=['django_session']] 16-12-2021 13:47:16
none [(0.016) SHOW FULL TABLES; args=None] 16-12-2021 13:47:16
none [(0.031) INSERT INTO `django_migrations` (`app`, `name`, `applied`) VALUES ('sessions', '0001_initial', '2021-12-16 13:47:16.861022'); args=['sessions', '0001_initial', '2021-12-16 13:47:16.861022']] 16-12-2021 13:47:16
none [CREATE INDEX `django_session_expire_date_a5c62663` ON `django_session` (`expire_date`); (params ())] 16-12-2021 13:47:16
none [(0.219) CREATE INDEX `django_session_expire_date_a5c62663` ON `django_session` (`expire_date`); args=()] 16-12-2021 13:47:17
none [(0.000) SHOW FULL TABLES; args=None] 16-12-2021 13:47:17
none [(0.000) SELECT `django_migrations`.`id`, `django_migrations`.`app`, `django_migrations`.`name`, `django_migrations`.`applied` FROM `django_migrations`; args=()] 16-12-2021 13:47:17
none [(0.000) SELECT `django_content_type`.`id`, `django_content_type`.`app_label`, `django_content_type`.`model` FROM `django_content_type` WHERE `django_content_type`.`app_label` = 'admin'; args=('admin',)] 16-12-2021 13:47:17
none [(0.000) INSERT INTO `django_content_type` (`app_label`, `model`) VALUES ('admin', 'logentry'); args=('admin', 'logentry')] 16-12-2021 13:47:17
none [(0.000) SELECT `django_content_type`.`id`, `django_content_type`.`app_label`, `django_content_type`.`model` FROM `django_content_type` WHERE (`django_content_type`.`app_label` = 'admin' AND `django_content_type`.`model` = 'logentry') LIMIT 21; args=('admin', 'logentry')] 16-12-2021 13:47:17
none [(0.156) SELECT `auth_permission`.`content_type_id`, `auth_permission`.`codename` FROM `auth_permission` INNER JOIN `django_content_type` ON (`auth_permission`.`content_type_id` = `django_content_type`.`id`) WHERE `auth_permission`.`content_type_id` IN (1) ORDER BY `django_content_type`.`app_label` ASC, `django_content_type`.`model` ASC, `auth_permission`.`codename` ASC; args=(1,)] 16-12-2021 13:47:17
none [(0.000) INSERT INTO `auth_permission` (`name`, `content_type_id`, `codename`) VALUES ('Can add log entry', 1, 'add_logentry'), ('Can change log entry', 1, 'change_logentry'), ('Can delete log entry', 1, 'delete_logentry'), ('Can view log entry', 1, 'view_logentry'); args=('Can add log entry', 1, 'add_logentry', 'Can change log entry', 1, 'change_logentry', 'Can delete log entry', 1, 'delete_logentry', 'Can view log entry', 1, 'view_logentry')] 16-12-2021 13:47:17
none [(0.000) SELECT `django_content_type`.`id`, `django_content_type`.`app_label`, `django_content_type`.`model` FROM `django_content_type` WHERE `django_content_type`.`app_label` = 'admin'; args=('admin',)] 16-12-2021 13:47:17
none [(0.000) SELECT `django_content_type`.`id`, `django_content_type`.`app_label`, `django_content_type`.`model` FROM `django_content_type` WHERE `django_content_type`.`app_label` = 'auth'; args=('auth',)] 16-12-2021 13:47:17
none [(0.000) INSERT INTO `django_content_type` (`app_label`, `model`) VALUES ('auth', 'permission'), ('auth', 'group'); args=('auth', 'permission', 'auth', 'group')] 16-12-2021 13:47:17
none [(0.000) SELECT `django_content_type`.`id`, `django_content_type`.`app_label`, `django_content_type`.`model` FROM `django_content_type` WHERE (`django_content_type`.`app_label` = 'auth' AND `django_content_type`.`model` = 'permission') LIMIT 21; args=('auth', 'permission')] 16-12-2021 13:47:17
none [(0.015) SELECT `django_content_type`.`id`, `django_content_type`.`app_label`, `django_content_type`.`model` FROM `django_content_type` WHERE (`django_content_type`.`app_label` = 'auth' AND `django_content_type`.`model` = 'group') LIMIT 21; args=('auth', 'group')] 16-12-2021 13:47:17
none [(0.000) SELECT `auth_permission`.`content_type_id`, `auth_permission`.`codename` FROM `auth_permission` INNER JOIN `django_content_type` ON (`auth_permission`.`content_type_id` = `django_content_type`.`id`) WHERE `auth_permission`.`content_type_id` IN (2, 3) ORDER BY `django_content_type`.`app_label` ASC, `django_content_type`.`model` ASC, `auth_permission`.`codename` ASC; args=(2, 3)] 16-12-2021 13:47:17
none [(0.000) INSERT INTO `auth_permission` (`name`, `content_type_id`, `codename`) VALUES ('Can add permission', 2, 'add_permission'), ('Can change permission', 2, 'change_permission'), ('Can delete permission', 2, 'delete_permission'), ('Can view permission', 2, 'view_permission'), ('Can add group', 3, 'add_group'), ('Can change group', 3, 'change_group'), ('Can delete group', 3, 'delete_group'), ('Can view group', 3, 'view_group'); args=('Can add permission', 2, 'add_permission', 'Can change permission', 2, 'change_permission', 'Can delete permission', 2, 'delete_permission', 'Can view permission', 2, 'view_permission', 'Can add group', 3, 'add_group', 'Can change group', 3, 'change_group', 'Can delete group', 3, 'delete_group', 'Can view group', 3, 'view_group')] 16-12-2021 13:47:17
none [(0.000) SELECT `django_content_type`.`id`, `django_content_type`.`app_label`, `django_content_type`.`model` FROM `django_content_type` WHERE `django_content_type`.`app_label` = 'auth'; args=('auth',)] 16-12-2021 13:47:17
none [(0.000) SELECT `django_content_type`.`id`, `django_content_type`.`app_label`, `django_content_type`.`model` FROM `django_content_type` WHERE `django_content_type`.`app_label` = 'contenttypes'; args=('contenttypes',)] 16-12-2021 13:47:17
none [(0.000) INSERT INTO `django_content_type` (`app_label`, `model`) VALUES ('contenttypes', 'contenttype'); args=('contenttypes', 'contenttype')] 16-12-2021 13:47:17
none [(0.000) SELECT `django_content_type`.`id`, `django_content_type`.`app_label`, `django_content_type`.`model` FROM `django_content_type` WHERE (`django_content_type`.`app_label` = 'contenttypes' AND `django_content_type`.`model` = 'contenttype') LIMIT 21; args=('contenttypes', 'contenttype')] 16-12-2021 13:47:17
none [(0.000) SELECT `auth_permission`.`content_type_id`, `auth_permission`.`codename` FROM `auth_permission` INNER JOIN `django_content_type` ON (`auth_permission`.`content_type_id` = `django_content_type`.`id`) WHERE `auth_permission`.`content_type_id` IN (4) ORDER BY `django_content_type`.`app_label` ASC, `django_content_type`.`model` ASC, `auth_permission`.`codename` ASC; args=(4,)] 16-12-2021 13:47:17
none [(0.000) INSERT INTO `auth_permission` (`name`, `content_type_id`, `codename`) VALUES ('Can add content type', 4, 'add_contenttype'), ('Can change content type', 4, 'change_contenttype'), ('Can delete content type', 4, 'delete_contenttype'), ('Can view content type', 4, 'view_contenttype'); args=('Can add content type', 4, 'add_contenttype', 'Can change content type', 4, 'change_contenttype', 'Can delete content type', 4, 'delete_contenttype', 'Can view content type', 4, 'view_contenttype')] 16-12-2021 13:47:17
none [(0.000) SELECT `django_content_type`.`id`, `django_content_type`.`app_label`, `django_content_type`.`model` FROM `django_content_type` WHERE `django_content_type`.`app_label` = 'contenttypes'; args=('contenttypes',)] 16-12-2021 13:47:17
none [(0.016) SELECT `django_content_type`.`id`, `django_content_type`.`app_label`, `django_content_type`.`model` FROM `django_content_type` WHERE `django_content_type`.`app_label` = 'sessions'; args=('sessions',)] 16-12-2021 13:47:17
none [(0.000) INSERT INTO `django_content_type` (`app_label`, `model`) VALUES ('sessions', 'session'); args=('sessions', 'session')] 16-12-2021 13:47:17
none [(0.000) SELECT `django_content_type`.`id`, `django_content_type`.`app_label`, `django_content_type`.`model` FROM `django_content_type` WHERE (`django_content_type`.`app_label` = 'sessions' AND `django_content_type`.`model` = 'session') LIMIT 21; args=('sessions', 'session')] 16-12-2021 13:47:17
none [(0.063) SELECT `auth_permission`.`content_type_id`, `auth_permission`.`codename` FROM `auth_permission` INNER JOIN `django_content_type` ON (`auth_permission`.`content_type_id` = `django_content_type`.`id`) WHERE `auth_permission`.`content_type_id` IN (5) ORDER BY `django_content_type`.`app_label` ASC, `django_content_type`.`model` ASC, `auth_permission`.`codename` ASC; args=(5,)] 16-12-2021 13:47:17
none [(0.000) INSERT INTO `auth_permission` (`name`, `content_type_id`, `codename`) VALUES ('Can add session', 5, 'add_session'), ('Can change session', 5, 'change_session'), ('Can delete session', 5, 'delete_session'), ('Can view session', 5, 'view_session'); args=('Can add session', 5, 'add_session', 'Can change session', 5, 'change_session', 'Can delete session', 5, 'delete_session', 'Can view session', 5, 'view_session')] 16-12-2021 13:47:17
none [(0.000) SELECT `django_content_type`.`id`, `django_content_type`.`app_label`, `django_content_type`.`model` FROM `django_content_type` WHERE `django_content_type`.`app_label` = 'sessions'; args=('sessions',)] 16-12-2021 13:47:17
none [(0.016) SELECT `django_content_type`.`id`, `django_content_type`.`app_label`, `django_content_type`.`model` FROM `django_content_type` WHERE `django_content_type`.`app_label` = 'user'; args=('user',)] 16-12-2021 13:47:17
none [(0.000) INSERT INTO `django_content_type` (`app_label`, `model`) VALUES ('user', 'customusermodel'); args=('user', 'customusermodel')] 16-12-2021 13:47:17
none [(0.031) SELECT `django_content_type`.`id`, `django_content_type`.`app_label`, `django_content_type`.`model` FROM `django_content_type` WHERE (`django_content_type`.`app_label` = 'user' AND `django_content_type`.`model` = 'customusermodel') LIMIT 21; args=('user', 'customusermodel')] 16-12-2021 13:47:17
none [(0.000) SELECT `auth_permission`.`content_type_id`, `auth_permission`.`codename` FROM `auth_permission` INNER JOIN `django_content_type` ON (`auth_permission`.`content_type_id` = `django_content_type`.`id`) WHERE `auth_permission`.`content_type_id` IN (6) ORDER BY `django_content_type`.`app_label` ASC, `django_content_type`.`model` ASC, `auth_permission`.`codename` ASC; args=(6,)] 16-12-2021 13:47:17
none [(0.000) INSERT INTO `auth_permission` (`name`, `content_type_id`, `codename`) VALUES ('Can add User', 6, 'add_customusermodel'), ('Can change User', 6, 'change_customusermodel'), ('Can delete User', 6, 'delete_customusermodel'), ('Can view User', 6, 'view_customusermodel'); args=('Can add User', 6, 'add_customusermodel', 'Can change User', 6, 'change_customusermodel', 'Can delete User', 6, 'delete_customusermodel', 'Can view User', 6, 'view_customusermodel')] 16-12-2021 13:47:17
none [(0.000) SELECT `django_content_type`.`id`, `django_content_type`.`app_label`, `django_content_type`.`model` FROM `django_content_type` WHERE `django_content_type`.`app_label` = 'user'; args=('user',)] 16-12-2021 13:47:18
none [(0.000) SELECT @@SQL_AUTO_IS_NULL; args=None] 16-12-2021 13:48:41
none [(0.000) SET SESSION TRANSACTION ISOLATION LEVEL READ COMMITTED; args=None] 16-12-2021 13:48:41
none [(0.000) SHOW FULL TABLES; args=None] 16-12-2021 13:48:41
none [(0.000) SELECT `django_migrations`.`id`, `django_migrations`.`app`, `django_migrations`.`name`, `django_migrations`.`applied` FROM `django_migrations`; args=()] 16-12-2021 13:48:41
none [(0.000) SELECT @@SQL_AUTO_IS_NULL; args=None] 16-12-2021 13:49:03
none [(0.000) SET SESSION TRANSACTION ISOLATION LEVEL READ COMMITTED; args=None] 16-12-2021 13:49:03
none [(0.000) SELECT VERSION(); args=None] 16-12-2021 13:49:03
none [(0.000) SET SESSION TRANSACTION ISOLATION LEVEL READ COMMITTED; args=None] 16-12-2021 13:49:03
none [(0.000) SELECT @@sql_mode; args=None] 16-12-2021 13:49:03
none [(0.016) SHOW FULL TABLES; args=None] 16-12-2021 13:49:04
none [(0.047) SELECT `django_migrations`.`id`, `django_migrations`.`app`, `django_migrations`.`name`, `django_migrations`.`applied` FROM `django_migrations`; args=()] 16-12-2021 13:49:04
none [(0.062) SHOW FULL TABLES; args=None] 16-12-2021 13:49:04
none [(0.016) SELECT `django_migrations`.`id`, `django_migrations`.`app`, `django_migrations`.`name`, `django_migrations`.`applied` FROM `django_migrations`; args=()] 16-12-2021 13:49:04
